<?xml version="1.0" encoding="UTF-8"?>
<!-- Generated by org.testng.reporters.JUnitXMLReporter -->
<testsuite ignored="0" hostname="AIPL5658LT12679" failures="0" tests="3" name="Default test" time="2.177" errors="0" timestamp="2022-04-15T23:58:32 IST">
  <testcase classname="ADVANCED_PAYLOAD_CREATION.DynamicJson" name="addBook" time="1.784"/>
  <testcase classname="ADVANCED_PAYLOAD_CREATION.DynamicJson" name="addBook" time="0.178"/>
  <testcase classname="ADVANCED_PAYLOAD_CREATION.DynamicJson" name="addBookThruStaticJson" time="0.166"/>
</testsuite> <!-- Default test -->
