<?xml version="1.0" encoding="UTF-8"?>
<testng-results ignored="0" total="3" passed="3" failed="0" skipped="0">
  <reporter-output>
  </reporter-output>
  <suite started-at="2022-04-15T23:58:30 IST" name="Default suite" finished-at="2022-04-15T23:58:32 IST" duration-ms="2177">
    <groups>
    </groups>
    <test started-at="2022-04-15T23:58:30 IST" name="Default test" finished-at="2022-04-15T23:58:32 IST" duration-ms="2177">
      <class name="ADVANCED_PAYLOAD_CREATION.DynamicJson">
        <test-method signature="addBook(java.lang.String,java.lang.String)[pri:0, instance:ADVANCED_PAYLOAD_CREATION.DynamicJson@1e802ef9]" started-at="2022-04-15T23:58:30 IST" name="addBook" data-provider="addBookDateProvider" finished-at="2022-04-15T23:58:32 IST" duration-ms="1784" status="PASS">
          <params>
            <param index="0">
              <value>
                <![CDATA[kuhu]]>
              </value>
            </param>
            <param index="1">
              <value>
                <![CDATA[kdhu]]>
              </value>
            </param>
          </params>
          <reporter-output>
          </reporter-output>
        </test-method> <!-- addBook -->
        <test-method signature="addBook(java.lang.String,java.lang.String)[pri:0, instance:ADVANCED_PAYLOAD_CREATION.DynamicJson@1e802ef9]" started-at="2022-04-15T23:58:32 IST" name="addBook" data-provider="addBookDateProvider" finished-at="2022-04-15T23:58:32 IST" duration-ms="178" status="PASS">
          <params>
            <param index="0">
              <value>
                <![CDATA[kshu]]>
              </value>
            </param>
            <param index="1">
              <value>
                <![CDATA[kuh34]]>
              </value>
            </param>
          </params>
          <reporter-output>
          </reporter-output>
        </test-method> <!-- addBook -->
        <test-method signature="addBookThruStaticJson()[pri:0, instance:ADVANCED_PAYLOAD_CREATION.DynamicJson@1e802ef9]" started-at="2022-04-15T23:58:32 IST" name="addBookThruStaticJson" finished-at="2022-04-15T23:58:32 IST" duration-ms="166" status="PASS">
          <reporter-output>
          </reporter-output>
        </test-method> <!-- addBookThruStaticJson -->
      </class> <!-- ADVANCED_PAYLOAD_CREATION.DynamicJson -->
    </test> <!-- Default test -->
  </suite> <!-- Default suite -->
</testng-results>
